0 info it worked if it ends with ok
1 verbose cli [ '/usr/local/Cellar/node/6.1.0/bin/node',
1 verbose cli   '/usr/local/bin/npm',
1 verbose cli   'publish',
1 verbose cli   'egopulse-elasticlunr@0.0.9' ]
2 info using npm@3.8.6
3 info using node@v6.1.0
4 verbose publish [ 'egopulse-elasticlunr@0.0.9' ]
5 silly cache add args [ 'egopulse-elasticlunr@0.0.9', null ]
6 verbose cache add spec egopulse-elasticlunr@0.0.9
7 silly cache add parsed spec Result {
7 silly cache add   raw: 'egopulse-elasticlunr@0.0.9',
7 silly cache add   scope: null,
7 silly cache add   name: 'egopulse-elasticlunr',
7 silly cache add   rawSpec: '0.0.9',
7 silly cache add   spec: '0.0.9',
7 silly cache add   type: 'version' }
8 silly addNamed egopulse-elasticlunr@0.0.9
9 verbose addNamed "0.0.9" is a plain semver version for egopulse-elasticlunr
10 silly mapToRegistry name egopulse-elasticlunr
11 silly mapToRegistry using default registry
12 silly mapToRegistry registry https://registry.npmjs.org/
13 silly mapToRegistry data Result {
13 silly mapToRegistry   raw: 'egopulse-elasticlunr',
13 silly mapToRegistry   scope: null,
13 silly mapToRegistry   name: 'egopulse-elasticlunr',
13 silly mapToRegistry   rawSpec: '',
13 silly mapToRegistry   spec: 'latest',
13 silly mapToRegistry   type: 'tag' }
14 silly mapToRegistry uri https://registry.npmjs.org/egopulse-elasticlunr
15 verbose addNameVersion registry:https://registry.npmjs.org/egopulse-elasticlunr not in flight; fetching
16 verbose request uri https://registry.npmjs.org/egopulse-elasticlunr
17 verbose request no auth needed
18 info attempt registry request try #1 at 12:02:01 PM
19 verbose request using bearer token for auth
20 verbose request id e12ce6a1d66c8170
21 http request GET https://registry.npmjs.org/egopulse-elasticlunr
22 http 200 https://registry.npmjs.org/egopulse-elasticlunr
23 verbose headers { server: 'CouchDB/1.5.0 (Erlang OTP/R16B03)',
23 verbose headers   etag: '"7NYYAKLM9C31DSR80FVRHGNET"',
23 verbose headers   'content-type': 'application/json',
23 verbose headers   'content-encoding': 'gzip',
23 verbose headers   'cache-control': 'max-age=300',
23 verbose headers   'transfer-encoding': 'chunked',
23 verbose headers   'accept-ranges': 'bytes',
23 verbose headers   date: 'Tue, 06 Sep 2016 05:02:02 GMT',
23 verbose headers   via: '1.1 varnish',
23 verbose headers   connection: 'keep-alive',
23 verbose headers   'x-served-by': 'cache-sin6922-SIN',
23 verbose headers   'x-cache': 'MISS',
23 verbose headers   'x-cache-hits': '0',
23 verbose headers   'x-timer': 'S1473138121.143003,VS0,VE1102',
23 verbose headers   vary: 'Accept-Encoding' }
24 silly get cb [ 200,
24 silly get   { server: 'CouchDB/1.5.0 (Erlang OTP/R16B03)',
24 silly get     etag: '"7NYYAKLM9C31DSR80FVRHGNET"',
24 silly get     'content-type': 'application/json',
24 silly get     'content-encoding': 'gzip',
24 silly get     'cache-control': 'max-age=300',
24 silly get     'transfer-encoding': 'chunked',
24 silly get     'accept-ranges': 'bytes',
24 silly get     date: 'Tue, 06 Sep 2016 05:02:02 GMT',
24 silly get     via: '1.1 varnish',
24 silly get     connection: 'keep-alive',
24 silly get     'x-served-by': 'cache-sin6922-SIN',
24 silly get     'x-cache': 'MISS',
24 silly get     'x-cache-hits': '0',
24 silly get     'x-timer': 'S1473138121.143003,VS0,VE1102',
24 silly get     vary: 'Accept-Encoding' } ]
25 verbose get saving egopulse-elasticlunr to /Users/son/.npm/registry.npmjs.org/egopulse-elasticlunr/.cache.json
26 verbose correctMkdir /Users/son/.npm correctMkdir not in flight; initializing
27 verbose stack Error: version not found: egopulse-elasticlunr@0.0.9
27 verbose stack     at setData (/usr/local/lib/node_modules/npm/lib/cache/add-named.js:138:12)
27 verbose stack     at RES (/usr/local/lib/node_modules/npm/node_modules/inflight/inflight.js:23:14)
27 verbose stack     at f (/usr/local/lib/node_modules/npm/node_modules/once/once.js:17:25)
27 verbose stack     at fixName (/usr/local/lib/node_modules/npm/lib/cache/add-named.js:30:5)
27 verbose stack     at /usr/local/lib/node_modules/npm/lib/utils/pulse-till-done.js:19:8
27 verbose stack     at saved (/usr/local/lib/node_modules/npm/lib/cache/caching-client.js:168:7)
27 verbose stack     at /usr/local/lib/node_modules/npm/node_modules/graceful-fs/polyfills.js:210:7
27 verbose stack     at FSReqWrap.oncomplete (fs.js:117:15)
28 verbose statusCode 404
29 verbose cwd /Users/son/elasticlunr.js
30 error Darwin 15.5.0
31 error argv "/usr/local/Cellar/node/6.1.0/bin/node" "/usr/local/bin/npm" "publish" "egopulse-elasticlunr@0.0.9"
32 error node v6.1.0
33 error npm  v3.8.6
34 error version not found: egopulse-elasticlunr@0.0.9
35 error If you need help, you may report this error at:
35 error     <https://github.com/npm/npm/issues>
36 verbose exit [ 1, true ]
